# JRE version: OpenJDK Runtime Environment Zulu15.36+13-CA (15.0.5+3) (build 15.0.5+3-MTS)
# Java VM: OpenJDK 64-Bit Server VM Zulu15.36+13-CA (15.0.5+3-MTS, mixed mode, sharing, tiered, compressed oops, serial gc, windows-amd64)
GC Precious Log:
 CPUs: 1 total, 1 available
 Memory: 3583M
 Large Page Support: Disabled
 NUMA Support: Disabled
 Compressed Oops: Enabled (32-bit)
 Heap Min Capacity: 8M
 Heap Initial Capacity: 56M
 Heap Max Capacity: 896M
 Pre-touch: Disabled
Heap:
 def new generation   total 17280K, used 12936K [0x00000000c8000000, 0x00000000c92c0000, 0x00000000daaa0000)
  eden space 15360K,  77% used [0x00000000c8000000, 0x00000000c8b9f020, 0x00000000c8f00000)
  from space 1920K,  53% used [0x00000000c90e0000, 0x00000000c91e3080, 0x00000000c92c0000)
  to   space 1920K,   0% used [0x00000000c8f00000, 0x00000000c8f00000, 0x00000000c90e0000)
 tenured generation   total 38272K, used 14621K [0x00000000daaa0000, 0x00000000dd000000, 0x0000000100000000)
   the space 38272K,  38% used [0x00000000daaa0000, 0x00000000db8e7730, 0x00000000db8e7800, 0x00000000dd000000)
 Metaspace       used 30377K, capacity 30714K, committed 30896K, reserved 1077248K
  class space    used 3674K, capacity 3793K, committed 3840K, reserved 1048576K
GC Heap History (20 events):
Event: 63.500 GC heap before
{Heap before GC invocations=12 (full 0):
 def new generation   total 17216K, used 15413K [0x00000000c8000000, 0x00000000c92a0000, 0x00000000daaa0000)
  eden space 15360K, 100% used [0x00000000c8000000, 0x00000000c8f00000, 0x00000000c8f00000)
  from space 1856K,   2% used [0x00000000c8f00000, 0x00000000c8f0d6d8, 0x00000000c90d0000)
  to   space 1856K,   0% used [0x00000000c90d0000, 0x00000000c90d0000, 0x00000000c92a0000)
 tenured generation   total 38272K, used 13239K [0x00000000daaa0000, 0x00000000dd000000, 0x0000000100000000)
   the space 38272K,  34% used [0x00000000daaa0000, 0x00000000db78dca0, 0x00000000db78de00, 0x00000000dd000000)
 Metaspace       used 20097K, capacity 20394K, committed 20480K, reserved 1067008K
  class space    used 2179K, capacity 2280K, committed 2304K, reserved 1048576K
}
Event: 63.501 GC heap after
{Heap after GC invocations=13 (full 0):
 def new generation   total 17216K, used 58K [0x00000000c8000000, 0x00000000c92a0000, 0x00000000daaa0000)
  eden space 15360K,   0% used [0x00000000c8000000, 0x00000000c8000000, 0x00000000c8f00000)
  from space 1856K,   3% used [0x00000000c90d0000, 0x00000000c90deb00, 0x00000000c92a0000)
  to   space 1856K,   0% used [0x00000000c8f00000, 0x00000000c8f00000, 0x00000000c90d0000)
 tenured generation   total 38272K, used 13239K [0x00000000daaa0000, 0x00000000dd000000, 0x0000000100000000)
   the space 38272K,  34% used [0x00000000daaa0000, 0x00000000db78dca0, 0x00000000db78de00, 0x00000000dd000000)
 Metaspace       used 20097K, capacity 20394K, committed 20480K, reserved 1067008K
  class space    used 2179K, capacity 2280K, committed 2304K, reserved 1048576K
}
Event: 63.528 GC heap before
{Heap before GC invocations=13 (full 0):
 def new generation   total 17216K, used 15418K [0x00000000c8000000, 0x00000000c92a0000, 0x00000000daaa0000)
  eden space 15360K, 100% used [0x00000000c8000000, 0x00000000c8f00000, 0x00000000c8f00000)
  from space 1856K,   3% used [0x00000000c90d0000, 0x00000000c90deb00, 0x00000000c92a0000)
  to   space 1856K,   0% used [0x00000000c8f00000, 0x00000000c8f00000, 0x00000000c90d0000)
 tenured generation   total 38272K, used 13239K [0x00000000daaa0000, 0x00000000dd000000, 0x0000000100000000)
   the space 38272K,  34% used [0x00000000daaa0000, 0x00000000db78dca0, 0x00000000db78de00, 0x00000000dd000000)
 Metaspace       used 20097K, capacity 20394K, committed 20480K, reserved 1067008K
  class space    used 2179K, capacity 2280K, committed 2304K, reserved 1048576K
}
Event: 63.529 GC heap after
{Heap after GC invocations=14 (full 0):
 def new generation   total 17216K, used 53K [0x00000000c8000000, 0x00000000c92a0000, 0x00000000daaa0000)
  eden space 15360K,   0% used [0x00000000c8000000, 0x00000000c8000000, 0x00000000c8f00000)
  from space 1856K,   2% used [0x00000000c8f00000, 0x00000000c8f0d6d8, 0x00000000c90d0000)
  to   space 1856K,   0% used [0x00000000c90d0000, 0x00000000c90d0000, 0x00000000c92a0000)
 tenured generation   total 38272K, used 13239K [0x00000000daaa0000, 0x00000000dd000000, 0x0000000100000000)
   the space 38272K,  34% used [0x00000000daaa0000, 0x00000000db78dca0, 0x00000000db78de00, 0x00000000dd000000)
 Metaspace       used 20097K, capacity 20394K, committed 20480K, reserved 1067008K
  class space    used 2179K, capacity 2280K, committed 2304K, reserved 1048576K
}
Event: 63.751 GC heap before
{Heap before GC invocations=14 (full 0):
 def new generation   total 17216K, used 15413K [0x00000000c8000000, 0x00000000c92a0000, 0x00000000daaa0000)
  eden space 15360K, 100% used [0x00000000c8000000, 0x00000000c8f00000, 0x00000000c8f00000)
  from space 1856K,   2% used [0x00000000c8f00000, 0x00000000c8f0d6d8, 0x00000000c90d0000)
  to   space 1856K,   0% used [0x00000000c90d0000, 0x00000000c90d0000, 0x00000000c92a0000)
 tenured generation   total 38272K, used 13239K [0x00000000daaa0000, 0x00000000dd000000, 0x0000000100000000)
   the space 38272K,  34% used [0x00000000daaa0000, 0x00000000db78dca0, 0x00000000db78de00, 0x00000000dd000000)
 Metaspace       used 20100K, capacity 20394K, committed 20480K, reserved 1067008K
  class space    used 2179K, capacity 2280K, committed 2304K, reserved 1048576K
}
Event: 63.752 GC heap after
{Heap after GC invocations=15 (full 0):
 def new generation   total 17216K, used 53K [0x00000000c8000000, 0x00000000c92a0000, 0x00000000daaa0000)
  eden space 15360K,   0% used [0x00000000c8000000, 0x00000000c8000000, 0x00000000c8f00000)
  from space 1856K,   2% used [0x00000000c90d0000, 0x00000000c90dd7c8, 0x00000000c92a0000)
  to   space 1856K,   0% used [0x00000000c8f00000, 0x00000000c8f00000, 0x00000000c90d0000)
 tenured generation   total 38272K, used 13239K [0x00000000daaa0000, 0x00000000dd000000, 0x0000000100000000)
   the space 38272K,  34% used [0x00000000daaa0000, 0x00000000db78dca0, 0x00000000db78de00, 0x00000000dd000000)
 Metaspace       used 20100K, capacity 20394K, committed 20480K, reserved 1067008K
  class space    used 2179K, capacity 2280K, committed 2304K, reserved 1048576K
}
Event: 63.773 GC heap before
{Heap before GC invocations=15 (full 0):
 def new generation   total 17216K, used 15413K [0x00000000c8000000, 0x00000000c92a0000, 0x00000000daaa0000)
  eden space 15360K, 100% used [0x00000000c8000000, 0x00000000c8f00000, 0x00000000c8f00000)
  from space 1856K,   2% used [0x00000000c90d0000, 0x00000000c90dd7c8, 0x00000000c92a0000)
  to   space 1856K,   0% used [0x00000000c8f00000, 0x00000000c8f00000, 0x00000000c90d0000)
 tenured generation   total 38272K, used 13239K [0x00000000daaa0000, 0x00000000dd000000, 0x0000000100000000)
   the space 38272K,  34% used [0x00000000daaa0000, 0x00000000db78dca0, 0x00000000db78de00, 0x00000000dd000000)
 Metaspace       used 20100K, capacity 20394K, committed 20480K, reserved 1067008K
  class space    used 2179K, capacity 2280K, committed 2304K, reserved 1048576K
}
Event: 63.774 GC heap after
{Heap after GC invocations=16 (full 0):
 def new generation   total 17216K, used 53K [0x00000000c8000000, 0x00000000c92a0000, 0x00000000daaa0000)
  eden space 15360K,   0% used [0x00000000c8000000, 0x00000000c8000000, 0x00000000c8f00000)
  from space 1856K,   2% used [0x00000000c8f00000, 0x00000000c8f0d7c8, 0x00000000c90d0000)
  to   space 1856K,   0% used [0x00000000c90d0000, 0x00000000c90d0000, 0x00000000c92a0000)
 tenured generation   total 38272K, used 13239K [0x00000000daaa0000, 0x00000000dd000000, 0x0000000100000000)
   the space 38272K,  34% used [0x00000000daaa0000, 0x00000000db78dca0, 0x00000000db78de00, 0x00000000dd000000)
 Metaspace       used 20100K, capacity 20394K, committed 20480K, reserved 1067008K
  class space    used 2179K, capacity 2280K, committed 2304K, reserved 1048576K
}
Event: 63.804 GC heap before
{Heap before GC invocations=16 (full 0):
 def new generation   total 17216K, used 15413K [0x00000000c8000000, 0x00000000c92a0000, 0x00000000daaa0000)
  eden space 15360K, 100% used [0x00000000c8000000, 0x00000000c8f00000, 0x00000000c8f00000)
  from space 1856K,   2% used [0x00000000c8f00000, 0x00000000c8f0d7c8, 0x00000000c90d0000)
  to   space 1856K,   0% used [0x00000000c90d0000, 0x00000000c90d0000, 0x00000000c92a0000)
 tenured generation   total 38272K, used 13239K [0x00000000daaa0000, 0x00000000dd000000, 0x0000000100000000)
   the space 38272K,  34% used [0x00000000daaa0000, 0x00000000db78dca0, 0x00000000db78de00, 0x00000000dd000000)
 Metaspace       used 20100K, capacity 20394K, committed 20480K, reserved 1067008K
  class space    used 2179K, capacity 2280K, committed 2304K, reserved 1048576K
}
Event: 63.804 GC heap after
{Heap after GC invocations=17 (full 0):
 def new generation   total 17216K, used 67K [0x00000000c8000000, 0x00000000c92a0000, 0x00000000daaa0000)
  eden space 15360K,   0% used [0x00000000c8000000, 0x00000000c8000000, 0x00000000c8f00000)
  from space 1856K,   3% used [0x00000000c90d0000, 0x00000000c90e0ef8, 0x00000000c92a0000)
  to   space 1856K,   0% used [0x00000000c8f00000, 0x00000000c8f00000, 0x00000000c90d0000)
 tenured generation   total 38272K, used 13239K [0x00000000daaa0000, 0x00000000dd000000, 0x0000000100000000)
   the space 38272K,  34% used [0x00000000daaa0000, 0x00000000db78dca0, 0x00000000db78de00, 0x00000000dd000000)
 Metaspace       used 20100K, capacity 20394K, committed 20480K, reserved 1067008K
  class space    used 2179K, capacity 2280K, committed 2304K, reserved 1048576K
}
Event: 63.868 GC heap before
{Heap before GC invocations=17 (full 0):
 def new generation   total 17216K, used 15427K [0x00000000c8000000, 0x00000000c92a0000, 0x00000000daaa0000)
  eden space 15360K, 100% used [0x00000000c8000000, 0x00000000c8f00000, 0x00000000c8f00000)
  from space 1856K,   3% used [0x00000000c90d0000, 0x00000000c90e0ef8, 0x00000000c92a0000)
  to   space 1856K,   0% used [0x00000000c8f00000, 0x00000000c8f00000, 0x00000000c90d0000)
 tenured generation   total 38272K, used 13239K [0x00000000daaa0000, 0x00000000dd000000, 0x0000000100000000)
   the space 38272K,  34% used [0x00000000daaa0000, 0x00000000db78dca0, 0x00000000db78de00, 0x00000000dd000000)
 Metaspace       used 20100K, capacity 20394K, committed 20480K, reserved 1067008K
  class space    used 2179K, capacity 2280K, committed 2304K, reserved 1048576K
}
Event: 63.869 GC heap after
{Heap after GC invocations=18 (full 0):
 def new generation   total 17216K, used 56K [0x00000000c8000000, 0x00000000c92a0000, 0x00000000daaa0000)
  eden space 15360K,   0% used [0x00000000c8000000, 0x00000000c8000000, 0x00000000c8f00000)
  from space 1856K,   3% used [0x00000000c8f00000, 0x00000000c8f0e0c8, 0x00000000c90d0000)
  to   space 1856K,   0% used [0x00000000c90d0000, 0x00000000c90d0000, 0x00000000c92a0000)
 tenured generation   total 38272K, used 13239K [0x00000000daaa0000, 0x00000000dd000000, 0x0000000100000000)
   the space 38272K,  34% used [0x00000000daaa0000, 0x00000000db78dca0, 0x00000000db78de00, 0x00000000dd000000)
 Metaspace       used 20100K, capacity 20394K, committed 20480K, reserved 1067008K
  class space    used 2179K, capacity 2280K, committed 2304K, reserved 1048576K
}
Event: 64.669 GC heap before
{Heap before GC invocations=18 (full 0):
 def new generation   total 17216K, used 6236K [0x00000000c8000000, 0x00000000c92a0000, 0x00000000daaa0000)
  eden space 15360K,  40% used [0x00000000c8000000, 0x00000000c8609180, 0x00000000c8f00000)
  from space 1856K,   3% used [0x00000000c8f00000, 0x00000000c8f0e0c8, 0x00000000c90d0000)
  to   space 1856K,   0% used [0x00000000c90d0000, 0x00000000c90d0000, 0x00000000c92a0000)
 tenured generation   total 38272K, used 13239K [0x00000000daaa0000, 0x00000000dd000000, 0x0000000100000000)
   the space 38272K,  34% used [0x00000000daaa0000, 0x00000000db78dca0, 0x00000000db78de00, 0x00000000dd000000)
 Metaspace       used 20911K, capacity 21186K, committed 21296K, reserved 1069056K
  class space    used 2286K, capacity 2413K, committed 2432K, reserved 1048576K
}
Event: 64.694 GC heap after
{Heap after GC invocations=19 (full 1):
 def new generation   total 17280K, used 0K [0x00000000c8000000, 0x00000000c92c0000, 0x00000000daaa0000)
  eden space 15360K,   0% used [0x00000000c8000000, 0x00000000c8000000, 0x00000000c8f00000)
  from space 1920K,   0% used [0x00000000c8f00000, 0x00000000c8f00000, 0x00000000c90e0000)
  to   space 1920K,   0% used [0x00000000c90e0000, 0x00000000c90e0000, 0x00000000c92c0000)
 tenured generation   total 38272K, used 13533K [0x00000000daaa0000, 0x00000000dd000000, 0x0000000100000000)
   the space 38272K,  35% used [0x00000000daaa0000, 0x00000000db7d7778, 0x00000000db7d7800, 0x00000000dd000000)
 Metaspace       used 20911K, capacity 21186K, committed 21296K, reserved 1069056K
  class space    used 2286K, capacity 2413K, committed 2432K, reserved 1048576K
}
Event: 76.324 GC heap before
{Heap before GC invocations=19 (full 1):
 def new generation   total 17280K, used 15360K [0x00000000c8000000, 0x00000000c92c0000, 0x00000000daaa0000)
  eden space 15360K, 100% used [0x00000000c8000000, 0x00000000c8f00000, 0x00000000c8f00000)
  from space 1920K,   0% used [0x00000000c8f00000, 0x00000000c8f00000, 0x00000000c90e0000)
  to   space 1920K,   0% used [0x00000000c90e0000, 0x00000000c90e0000, 0x00000000c92c0000)
 tenured generation   total 38272K, used 13533K [0x00000000daaa0000, 0x00000000dd000000, 0x0000000100000000)
   the space 38272K,  35% used [0x00000000daaa0000, 0x00000000db7d7778, 0x00000000db7d7800, 0x00000000dd000000)
 Metaspace       used 25952K, capacity 26241K, committed 26416K, reserved 1073152K
  class space    used 3017K, capacity 3136K, committed 3200K, reserved 1048576K
}
Event: 76.330 GC heap after
{Heap after GC invocations=20 (full 1):
 def new generation   total 17280K, used 1140K [0x00000000c8000000, 0x00000000c92c0000, 0x00000000daaa0000)
  eden space 15360K,   0% used [0x00000000c8000000, 0x00000000c8000000, 0x00000000c8f00000)
  from space 1920K,  59% used [0x00000000c90e0000, 0x00000000c91fd398, 0x00000000c92c0000)
  to   space 1920K,   0% used [0x00000000c8f00000, 0x00000000c8f00000, 0x00000000c90e0000)
 tenured generation   total 38272K, used 13533K [0x00000000daaa0000, 0x00000000dd000000, 0x0000000100000000)
   the space 38272K,  35% used [0x00000000daaa0000, 0x00000000db7d7778, 0x00000000db7d7800, 0x00000000dd000000)
 Metaspace       used 25952K, capacity 26241K, committed 26416K, reserved 1073152K
  class space    used 3017K, capacity 3136K, committed 3200K, reserved 1048576K
}
Event: 99.840 GC heap before
{Heap before GC invocations=20 (full 1):
 def new generation   total 17280K, used 16500K [0x00000000c8000000, 0x00000000c92c0000, 0x00000000daaa0000)
  eden space 15360K, 100% used [0x00000000c8000000, 0x00000000c8f00000, 0x00000000c8f00000)
  from space 1920K,  59% used [0x00000000c90e0000, 0x00000000c91fd398, 0x00000000c92c0000)
  to   space 1920K,   0% used [0x00000000c8f00000, 0x00000000c8f00000, 0x00000000c90e0000)
 tenured generation   total 38272K, used 13533K [0x00000000daaa0000, 0x00000000dd000000, 0x0000000100000000)
   the space 38272K,  35% used [0x00000000daaa0000, 0x00000000db7d7778, 0x00000000db7d7800, 0x00000000dd000000)
 Metaspace       used 28905K, capacity 29270K, committed 29360K, reserved 1075200K
  class space    used 3447K, capacity 3568K, committed 3584K, reserved 1048576K
}
Event: 99.848 GC heap after
{Heap after GC invocations=21 (full 1):
 def new generation   total 17280K, used 841K [0x00000000c8000000, 0x00000000c92c0000, 0x00000000daaa0000)
  eden space 15360K,   0% used [0x00000000c8000000, 0x00000000c8000000, 0x00000000c8f00000)
  from space 1920K,  43% used [0x00000000c8f00000, 0x00000000c8fd2750, 0x00000000c90e0000)
  to   space 1920K,   0% used [0x00000000c90e0000, 0x00000000c90e0000, 0x00000000c92c0000)
 tenured generation   total 38272K, used 14621K [0x00000000daaa0000, 0x00000000dd000000, 0x0000000100000000)
   the space 38272K,  38% used [0x00000000daaa0000, 0x00000000db8e7730, 0x00000000db8e7800, 0x00000000dd000000)
 Metaspace       used 28905K, capacity 29270K, committed 29360K, reserved 1075200K
  class space    used 3447K, capacity 3568K, committed 3584K, reserved 1048576K
}
Event: 104.474 GC heap before
{Heap before GC invocations=21 (full 1):
 def new generation   total 17280K, used 16201K [0x00000000c8000000, 0x00000000c92c0000, 0x00000000daaa0000)
  eden space 15360K, 100% used [0x00000000c8000000, 0x00000000c8f00000, 0x00000000c8f00000)
  from space 1920K,  43% used [0x00000000c8f00000, 0x00000000c8fd2750, 0x00000000c90e0000)
  to   space 1920K,   0% used [0x00000000c90e0000, 0x00000000c90e0000, 0x00000000c92c0000)
 tenured generation   total 38272K, used 14621K [0x00000000daaa0000, 0x00000000dd000000, 0x0000000100000000)
   the space 38272K,  38% used [0x00000000daaa0000, 0x00000000db8e7730, 0x00000000db8e7800, 0x00000000dd000000)
 Metaspace       used 29077K, capacity 29402K, committed 29616K, reserved 1075200K
  class space    used 3465K, capacity 3569K, committed 3584K, reserved 1048576K
}
Event: 104.477 GC heap after
{Heap after GC invocations=22 (full 1):
 def new generation   total 17280K, used 1036K [0x00000000c8000000, 0x00000000c92c0000, 0x00000000daaa0000)
  eden space 15360K,   0% used [0x00000000c8000000, 0x00000000c8000000, 0x00000000c8f00000)
  from space 1920K,  53% used [0x00000000c90e0000, 0x00000000c91e3080, 0x00000000c92c0000)
  to   space 1920K,   0% used [0x00000000c8f00000, 0x00000000c8f00000, 0x00000000c90e0000)
 tenured generation   total 38272K, used 14621K [0x00000000daaa0000, 0x00000000dd000000, 0x0000000100000000)
   the space 38272K,  38% used [0x00000000daaa0000, 0x00000000db8e7730, 0x00000000db8e7800, 0x00000000dd000000)
 Metaspace       used 29077K, capacity 29402K, committed 29616K, reserved 1075200K
  class space    used 3465K, capacity 3569K, committed 3584K, reserved 1048576K
}

