<?xml version="1.0" encoding="UTF-8"?>
<testng-results ignored="0" total="1" passed="1" failed="0" skipped="0">
  <reporter-output>
  </reporter-output>
  <suite started-at="2022-04-30T07:14:04Z" name="Afdal Analytics Validation Suite" finished-at="2022-04-30T07:14:21Z" duration-ms="17075">
    <groups>
    </groups>
    <test started-at="2022-04-30T07:14:04Z" name="Afdal Analytics Login Page Ui Validation" finished-at="2022-04-30T07:14:21Z" duration-ms="17075">
      <class name="test.HomePage.LoginPageUiValidation">
        <test-method is-config="true" signature="beforeSuite(org.testng.ITestContext, java.lang.String)[pri:0, instance:test.HomePage.LoginPageUiValidation@763cf5b9]" started-at="2022-04-30T07:14:04Z" name="beforeSuite" finished-at="2022-04-30T07:14:05Z" duration-ms="1238" status="PASS">
          <params>
            <param index="0">
              <value>
                <![CDATA[org.testng.TestRunner@7e3d7dd]]>
              </value>
            </param>
            <param index="1">
              <value>
                <![CDATA[none]]>
              </value>
            </param>
          </params>
          <reporter-output>
          </reporter-output>
        </test-method> <!-- beforeSuite -->
        <test-method is-config="true" signature="beforeMethod(java.lang.reflect.Method)[pri:0, instance:test.HomePage.LoginPageUiValidation@763cf5b9]" started-at="2022-04-30T07:14:05Z" name="beforeMethod" description="Initialize web driver configuration" finished-at="2022-04-30T07:14:05Z" duration-ms="24" status="PASS">
          <params>
            <param index="0">
              <value>
                <![CDATA[public void test.HomePage.LoginPageUiValidation.verifyHomePage()]]>
              </value>
            </param>
          </params>
          <reporter-output>
          </reporter-output>
        </test-method> <!-- beforeMethod -->
        <test-method signature="verifyHomePage()[pri:0, instance:test.HomePage.LoginPageUiValidation@763cf5b9]" started-at="2022-04-30T07:14:06Z" name="verifyHomePage" description="Verify Login Page" finished-at="2022-04-30T07:14:18Z" duration-ms="12115" status="PASS">
          <reporter-output>
          </reporter-output>
        </test-method> <!-- verifyHomePage -->
        <test-method is-config="true" signature="tearDown(java.lang.reflect.Method, org.testng.ITestResult, org.testng.ITestContext)[pri:0, instance:test.HomePage.LoginPageUiValidation@763cf5b9]" started-at="2022-04-30T07:14:19Z" name="tearDown" description="Close driver" finished-at="2022-04-30T07:14:21Z" duration-ms="2425" status="PASS">
          <params>
            <param index="0">
              <value>
                <![CDATA[public void test.HomePage.LoginPageUiValidation.verifyHomePage()]]>
              </value>
            </param>
            <param index="1">
              <value>
                <![CDATA[[TestResult name=verifyHomePage status=SUCCESS method=LoginPageUiValidation.verifyHomePage()[pri:0, instance:test.HomePage.LoginPageUiValidation@763cf5b9] output={null}]]]>
              </value>
            </param>
            <param index="2">
              <value>
                <![CDATA[org.testng.TestRunner@7e3d7dd]]>
              </value>
            </param>
          </params>
          <reporter-output>
          </reporter-output>
        </test-method> <!-- tearDown -->
        <test-method is-config="true" signature="getReport()[pri:0, instance:test.HomePage.LoginPageUiValidation@763cf5b9]" started-at="2022-04-30T07:14:21Z" name="getReport" finished-at="2022-04-30T07:14:21Z" duration-ms="1" status="PASS">
          <reporter-output>
          </reporter-output>
        </test-method> <!-- getReport -->
        <test-method is-config="true" signature="afterSuite()[pri:0, instance:test.HomePage.LoginPageUiValidation@763cf5b9]" started-at="2022-04-30T07:14:21Z" name="afterSuite" finished-at="2022-04-30T07:14:21Z" duration-ms="1" status="PASS">
          <reporter-output>
          </reporter-output>
        </test-method> <!-- afterSuite -->
      </class> <!-- test.HomePage.LoginPageUiValidation -->
    </test> <!-- Afdal Analytics Login Page Ui Validation -->
  </suite> <!-- Afdal Analytics Validation Suite -->
</testng-results>
