<?xml version="1.0" encoding="UTF-8"?>
<testng-results ignored="0" total="1" passed="1" failed="0" skipped="0">
  <reporter-output>
  </reporter-output>
  <suite started-at="2022-05-16T17:01:04Z" name="Afdal Analytics Validation Suite" finished-at="2022-05-16T17:01:24Z" duration-ms="19424">
    <groups>
    </groups>
    <test started-at="2022-05-16T17:01:04Z" name="Afdal Analytics Login Page Ui Validation" finished-at="2022-05-16T17:01:24Z" duration-ms="19424">
      <class name="test.HomePage.AfdalLoginPageUiValidation">
        <test-method is-config="true" signature="beforeSuite(org.testng.ITestContext)[pri:0, instance:test.HomePage.AfdalLoginPageUiValidation@6c806c8b]" started-at="2022-05-16T17:01:04Z" name="beforeSuite" finished-at="2022-05-16T17:01:06Z" duration-ms="1419" status="PASS">
          <params>
            <param index="0">
              <value>
                <![CDATA[org.testng.TestRunner@2cd388f5]]>
              </value>
            </param>
          </params>
          <reporter-output>
          </reporter-output>
        </test-method> <!-- beforeSuite -->
        <test-method is-config="true" signature="beforeMethod(java.lang.reflect.Method)[pri:0, instance:test.HomePage.AfdalLoginPageUiValidation@6c806c8b]" started-at="2022-05-16T17:01:06Z" name="beforeMethod" description="Initialize web driver configuration" finished-at="2022-05-16T17:01:06Z" duration-ms="33" status="PASS">
          <params>
            <param index="0">
              <value>
                <![CDATA[public void test.HomePage.AfdalLoginPageUiValidation.verifyHomePage()]]>
              </value>
            </param>
          </params>
          <reporter-output>
          </reporter-output>
        </test-method> <!-- beforeMethod -->
        <test-method signature="verifyHomePage()[pri:0, instance:test.HomePage.AfdalLoginPageUiValidation@6c806c8b]" started-at="2022-05-16T17:01:06Z" name="verifyHomePage" description="Verify Login Page" finished-at="2022-05-16T17:01:20Z" duration-ms="13892" status="PASS">
          <reporter-output>
          </reporter-output>
        </test-method> <!-- verifyHomePage -->
        <test-method is-config="true" signature="tearDown(java.lang.reflect.Method, org.testng.ITestResult, org.testng.ITestContext)[pri:0, instance:test.HomePage.AfdalLoginPageUiValidation@6c806c8b]" started-at="2022-05-16T17:01:21Z" name="tearDown" description="Close driver" finished-at="2022-05-16T17:01:24Z" duration-ms="2505" status="PASS">
          <params>
            <param index="0">
              <value>
                <![CDATA[public void test.HomePage.AfdalLoginPageUiValidation.verifyHomePage()]]>
              </value>
            </param>
            <param index="1">
              <value>
                <![CDATA[[TestResult name=verifyHomePage status=SUCCESS method=AfdalLoginPageUiValidation.verifyHomePage()[pri:0, instance:test.HomePage.AfdalLoginPageUiValidation@6c806c8b] output={null}]]]>
              </value>
            </param>
            <param index="2">
              <value>
                <![CDATA[org.testng.TestRunner@2cd388f5]]>
              </value>
            </param>
          </params>
          <reporter-output>
          </reporter-output>
        </test-method> <!-- tearDown -->
        <test-method is-config="true" signature="getReport()[pri:0, instance:test.HomePage.AfdalLoginPageUiValidation@6c806c8b]" started-at="2022-05-16T17:01:24Z" name="getReport" finished-at="2022-05-16T17:01:24Z" duration-ms="1" status="PASS">
          <reporter-output>
          </reporter-output>
        </test-method> <!-- getReport -->
        <test-method is-config="true" signature="afterSuite()[pri:0, instance:test.HomePage.AfdalLoginPageUiValidation@6c806c8b]" started-at="2022-05-16T17:01:24Z" name="afterSuite" finished-at="2022-05-16T17:01:24Z" duration-ms="1" status="PASS">
          <reporter-output>
          </reporter-output>
        </test-method> <!-- afterSuite -->
      </class> <!-- test.HomePage.AfdalLoginPageUiValidation -->
    </test> <!-- Afdal Analytics Login Page Ui Validation -->
  </suite> <!-- Afdal Analytics Validation Suite -->
</testng-results>
