<!DOCTYPE html PUBLIC "-//W3C//DTD XHTML 1.1//EN" "http://www.w3.org/TR/xhtml11/DTD/xhtml11.dtd">
<html xmlns="http://www.w3.org/1999/xhtml"><head><title>Afdal Analytics Report</title><style type="text/css">table {margin-bottom:15px;border-collapse:collapse;empty-cells:show}th,td {border:2px solid #007;padding:.25em .5em}th {vertical-align:bottom}td {vertical-align:center}table a {font-weight:bold}.stripe td {background-color: #E6EBF9}.num {text-align:center}.passedodd td .passedeven td .failedodd td,.attn .failedeven td,.stripe .attn .stacktrace {white-space:pre;font-family:monospace}.totop {font-size:85%;text-align:center;border-bottom:2px solid #000}</style></head><body><center><h1>Afdal Analytics Automation Report - 2023-01-12 at 11:53:59 PST</h1></center><table><tr style="background-color:powderblue;"><th># Environment Variables</th><th># Values</th></tr><tr><th>Jenkins Job URL</td>
<td> null </td></tr><tr><th>Build Number</td>
<td> null </td></tr><tr><th>Detailed Report URL&#x2a;</td>
<td> nullAfdalAnalytics_5fAutomation_5fReport/ </td></tr><tr><th>Allure Report URL&#x2a;</td>
<td> nullallure/ </td></tr><tr><th>AWS_BUILD&#x2a;</td>
<td> sched </td></tr><tr><th>Environment URL </td>
<td> https://staging.afdalanalytics.com/ </td></tr><tr><th>Browser</td>
<td> CHROME {<i>108.0.5359.71<i>}</td></tr><tr><th>Executed Date</td>
<td> 2023-01-12 at 11:53:59 PST </td></tr></table><p style="color:blue;font-size:12px;">&#x2a;Please use Jenkins Username and Password to access the Detailed report.</p><table><tr style="background-color:powderblue;"><th> Executed</th><th># Passed</th><th ># Failed</th><th> Duration</th></tr><tr><td class="num">3</td><td class="num">0</td><td class="num">3</td><td class="num">00:00:50</td></tr></table><table><thead><tr style="background-color:powderblue;"><th>Module</th><th>Test Case</th><th>Start</th><th>Seconds</th><th>Result</th></tr></thead><tbody><tr><th colspan="5">Afdal Analytics Validation Suite</th></tr></tbody><tbody id="t0"><tr><th colspan="5">Afdal Analytics Login Page Ui Validation &#8212; Failed</th></tr><tr class="failedeven"><td rowspan="1">Afdal Analytics Login Page Ui Validation </td><td><a href="#m0">verifyLoginPage_Arabic</a></td><td rowspan="1">12:53:59 PM</td><td rowspan="1">20.22</td><td rowspan="1" bgcolor="#ff3333">FAIL</td></tr><tr class="failedodd"><td rowspan="1">Afdal Analytics Login Page Ui Validation </td><td><a href="#m1">verifyPricing_Arabic</a></td><td rowspan="1">12:54:21 PM</td><td rowspan="1">27.71</td><td rowspan="1" bgcolor="#ff3333">FAIL</td></tr><tr class="failedeven"><td rowspan="1">Afdal Analytics Login Page Ui Validation </td><td><a href="#m2">verifySettings_Arabic</a></td><td rowspan="1">12:53:59 PM</td><td rowspan="1">28.03</td><td rowspan="1" bgcolor="#ff3333">FAIL</td></tr></tbody></table><h2>Afdal Analytics Login Page Ui Validation</h2><h3 id="m0">test.HomePage.AfdalLoginPageUiValidation#verifyLoginPage_Arabic ( verifyLoginPage_Arabic )</h3><table class="result"><tr><th>Exception</th></tr><tr><td><div class="stacktrace">Element not found {By.xpath: //button[contains(text(),'مُوَافق')]}
Expected: exact text 'مُوَافق'
Timeout: 10 s.
Caused by: NoSuchElementException: no such element: Unable to locate element: {"method":"xpath","selector":"//button[contains(text(),'مُوَافق')]"}</div></td></tr></table><p class="totop"><a href="#summary">back to summary</a></p><h3 id="m1">test.HomePage.AfdalPricingValidation#verifyPricing_Arabic ( verifyPricing_Arabic )</h3><table class="result"><tr><th>Exception</th></tr><tr><td><div class="stacktrace">Element not found {By.xpath: //button[contains(text(),'مُوَافق')]}
Expected: exact text 'مُوَافق'
Timeout: 10 s.
Caused by: NoSuchElementException: no such element: Unable to locate element: {"method":"xpath","selector":"//button[contains(text(),'مُوَافق')]"}</div></td></tr></table><p class="totop"><a href="#summary">back to summary</a></p><h3 id="m2">test.HomePage.AfdalSettingsValidation#verifySettings_Arabic ( verifySettings_Arabic )</h3><table class="result"><tr><th>Exception</th></tr><tr><td><div class="stacktrace">Element not found {By.xpath: //button[contains(text(),'مُوَافق')]}
Expected: visible or transparent: visible or have css value opacity=0
Timeout: 10 s.
Caused by: NoSuchElementException: no such element: Unable to locate element: {"method":"xpath","selector":"//button[contains(text(),'مُوَافق')]"}</div></td></tr></table><p class="totop"><a href="#summary">back to summary</a></p></body></html>