<?xml version="1.0" encoding="UTF-8"?>
<!-- Generated by org.testng.reporters.JUnitXMLReporter -->
<testsuite ignored="0" hostname="VPLVM1" failures="0" tests="1" name="EcloudMS New HomeOwner Profile from Current Geo Location" time="21.005" errors="0" timestamp="27 Mar 2022 07:01:18 GMT">
  <testcase classname="test.HomePage.NewHomeOwnerProfileUsingCurrentLocation" name="verifyNewHomeownerProfileGeoLocation" time="15.582"/>
</testsuite> <!-- EcloudMS New HomeOwner Profile from Current Geo Location -->
